2025-07-31T10:50:05.515+05:30  INFO 37224 --- [11-Back_End] [main] com.ijse.o11back_end.Application         : Starting Application using Java 21.0.3 with PID 37224 (C:\Users\NITRO V15\Documents\IJSE\AAD\Spring\SpringFramework\11-Back_End\target\classes started by NITRO V15 in C:\Users\NITRO V15\Documents\IJSE\AAD\Spring\SpringFramework)
2025-07-31T10:50:05.519+05:30  INFO 37224 --- [11-Back_End] [main] com.ijse.o11back_end.Application         : No active profile set, falling back to 1 default profile: "default"
2025-07-31T10:50:06.236+05:30  INFO 37224 --- [11-Back_End] [main] .s.d.r.c.RepositoryConfigurationDelegate : Bootstrapping Spring Data JPA repositories in DEFAULT mode.
2025-07-31T10:50:06.291+05:30  INFO 37224 --- [11-Back_End] [main] .s.d.r.c.RepositoryConfigurationDelegate : Finished Spring Data repository scanning in 44 ms. Found 1 JPA repository interface.
2025-07-31T10:50:06.741+05:30  INFO 37224 --- [11-Back_End] [main] o.s.b.w.embedded.tomcat.TomcatWebServer  : Tomcat initialized with port 8080 (http)
2025-07-31T10:50:06.756+05:30  INFO 37224 --- [11-Back_End] [main] o.apache.catalina.core.StandardService   : Starting service [Tomcat]
2025-07-31T10:50:06.756+05:30  INFO 37224 --- [11-Back_End] [main] o.apache.catalina.core.StandardEngine    : Starting Servlet engine: [Apache Tomcat/10.1.42]
2025-07-31T10:50:06.815+05:30  INFO 37224 --- [11-Back_End] [main] o.a.c.c.C.[Tomcat].[localhost].[/]       : Initializing Spring embedded WebApplicationContext
2025-07-31T10:50:06.816+05:30  INFO 37224 --- [11-Back_End] [main] w.s.c.ServletWebServerApplicationContext : Root WebApplicationContext: initialization completed in 1247 ms
2025-07-31T10:50:06.993+05:30  INFO 37224 --- [11-Back_End] [main] o.hibernate.jpa.internal.util.LogHelper  : HHH000204: Processing PersistenceUnitInfo [name: default]
2025-07-31T10:50:07.090+05:30  INFO 37224 --- [11-Back_End] [main] org.hibernate.Version                    : HHH000412: Hibernate ORM core version 6.6.18.Final
2025-07-31T10:50:07.131+05:30  INFO 37224 --- [11-Back_End] [main] o.h.c.internal.RegionFactoryInitiator    : HHH000026: Second-level cache disabled
2025-07-31T10:50:07.467+05:30  INFO 37224 --- [11-Back_End] [main] o.s.o.j.p.SpringPersistenceUnitInfo      : No LoadTimeWeaver setup: ignoring JPA class transformer
2025-07-31T10:50:07.495+05:30  INFO 37224 --- [11-Back_End] [main] com.zaxxer.hikari.HikariDataSource       : HikariPool-1 - Starting...
2025-07-31T10:50:08.108+05:30  INFO 37224 --- [11-Back_End] [main] com.zaxxer.hikari.pool.HikariPool        : HikariPool-1 - Added connection com.mysql.cj.jdbc.ConnectionImpl@4377ed24
2025-07-31T10:50:08.111+05:30  INFO 37224 --- [11-Back_End] [main] com.zaxxer.hikari.HikariDataSource       : HikariPool-1 - Start completed.
2025-07-31T10:50:08.211+05:30  WARN 37224 --- [11-Back_End] [main] org.hibernate.orm.deprecation            : HHH90000025: MySQLDialect does not need to be specified explicitly using 'hibernate.dialect' (remove the property setting and it will be selected by default)
2025-07-31T10:50:08.226+05:30  INFO 37224 --- [11-Back_End] [main] org.hibernate.orm.connections.pooling    : HHH10001005: Database info:
	Database JDBC URL [Connecting through datasource 'HikariDataSource (HikariPool-1)']
	Database driver: undefined/unknown
	Database version: 8.0.37
	Autocommit mode: undefined/unknown
	Isolation level: undefined/unknown
	Minimum pool size: undefined/unknown
	Maximum pool size: undefined/unknown
2025-07-31T10:50:08.926+05:30  INFO 37224 --- [11-Back_End] [main] o.h.e.t.j.p.i.JtaPlatformInitiator       : HHH000489: No JTA platform available (set 'hibernate.transaction.jta.platform' to enable JTA platform integration)
2025-07-31T10:50:09.037+05:30  INFO 37224 --- [11-Back_End] [main] j.LocalContainerEntityManagerFactoryBean : Initialized JPA EntityManagerFactory for persistence unit 'default'
2025-07-31T10:50:09.283+05:30  INFO 37224 --- [11-Back_End] [main] o.s.d.j.r.query.QueryEnhancerFactory     : Hibernate is in classpath; If applicable, HQL parser will be used.
2025-07-31T10:50:09.406+05:30  WARN 37224 --- [11-Back_End] [main] JpaBaseConfiguration$JpaWebConfiguration : spring.jpa.open-in-view is enabled by default. Therefore, database queries may be performed during view rendering. Explicitly configure spring.jpa.open-in-view to disable this warning
2025-07-31T10:50:09.789+05:30  INFO 37224 --- [11-Back_End] [main] o.s.b.w.embedded.tomcat.TomcatWebServer  : Tomcat started on port 8080 (http) with context path '/'
2025-07-31T10:50:09.795+05:30  INFO 37224 --- [11-Back_End] [main] com.ijse.o11back_end.Application         : Started Application in 4.757 seconds (process running for 5.525)
2025-07-31T10:58:46.768+05:30  INFO 37224 --- [11-Back_End] [SpringApplicationShutdownHook] o.s.b.w.e.tomcat.GracefulShutdown        : Commencing graceful shutdown. Waiting for active requests to complete
2025-07-31T10:58:46.782+05:30  INFO 37224 --- [11-Back_End] [tomcat-shutdown] o.s.b.w.e.tomcat.GracefulShutdown        : Graceful shutdown complete
2025-07-31T10:58:46.788+05:30  INFO 37224 --- [11-Back_End] [SpringApplicationShutdownHook] j.LocalContainerEntityManagerFactoryBean : Closing JPA EntityManagerFactory for persistence unit 'default'
2025-07-31T10:58:46.791+05:30  INFO 37224 --- [11-Back_End] [SpringApplicationShutdownHook] com.zaxxer.hikari.HikariDataSource       : HikariPool-1 - Shutdown initiated...
2025-07-31T10:58:46.803+05:30  INFO 37224 --- [11-Back_End] [SpringApplicationShutdownHook] com.zaxxer.hikari.HikariDataSource       : HikariPool-1 - Shutdown completed.
2025-07-31T11:19:05.991+05:30  INFO 69260 --- [13-Auth_Back_End] [main] com.ijse.o13auth_back_end.Application    : Starting Application using Java 21.0.3 with PID 69260 (C:\Users\NITRO V15\Documents\IJSE\AAD\Spring\SpringFramework\13-Auth_Back_End\target\classes started by NITRO V15 in C:\Users\NITRO V15\Documents\IJSE\AAD\Spring\SpringFramework)
2025-07-31T11:19:05.992+05:30  INFO 69260 --- [13-Auth_Back_End] [main] com.ijse.o13auth_back_end.Application    : No active profile set, falling back to 1 default profile: "default"
2025-07-31T11:19:06.394+05:30  INFO 69260 --- [13-Auth_Back_End] [main] .s.d.r.c.RepositoryConfigurationDelegate : Bootstrapping Spring Data JPA repositories in DEFAULT mode.
2025-07-31T11:19:06.407+05:30  INFO 69260 --- [13-Auth_Back_End] [main] .s.d.r.c.RepositoryConfigurationDelegate : Finished Spring Data repository scanning in 7 ms. Found 0 JPA repository interfaces.
2025-07-31T11:19:06.695+05:30  INFO 69260 --- [13-Auth_Back_End] [main] o.s.b.w.embedded.tomcat.TomcatWebServer  : Tomcat initialized with port 8080 (http)
2025-07-31T11:19:06.705+05:30  INFO 69260 --- [13-Auth_Back_End] [main] o.apache.catalina.core.StandardService   : Starting service [Tomcat]
2025-07-31T11:19:06.705+05:30  INFO 69260 --- [13-Auth_Back_End] [main] o.apache.catalina.core.StandardEngine    : Starting Servlet engine: [Apache Tomcat/10.1.43]
2025-07-31T11:19:06.742+05:30  INFO 69260 --- [13-Auth_Back_End] [main] o.a.c.c.C.[Tomcat].[localhost].[/]       : Initializing Spring embedded WebApplicationContext
2025-07-31T11:19:06.742+05:30  INFO 69260 --- [13-Auth_Back_End] [main] w.s.c.ServletWebServerApplicationContext : Root WebApplicationContext: initialization completed in 718 ms
2025-07-31T11:19:06.868+05:30  INFO 69260 --- [13-Auth_Back_End] [main] o.hibernate.jpa.internal.util.LogHelper  : HHH000204: Processing PersistenceUnitInfo [name: default]
2025-07-31T11:19:06.899+05:30  INFO 69260 --- [13-Auth_Back_End] [main] org.hibernate.Version                    : HHH000412: Hibernate ORM core version 6.6.22.Final
2025-07-31T11:19:06.920+05:30  INFO 69260 --- [13-Auth_Back_End] [main] o.h.c.internal.RegionFactoryInitiator    : HHH000026: Second-level cache disabled
2025-07-31T11:19:07.136+05:30  INFO 69260 --- [13-Auth_Back_End] [main] o.s.o.j.p.SpringPersistenceUnitInfo      : No LoadTimeWeaver setup: ignoring JPA class transformer
2025-07-31T11:19:07.164+05:30  INFO 69260 --- [13-Auth_Back_End] [main] com.zaxxer.hikari.HikariDataSource       : HikariPool-1 - Starting...
2025-07-31T11:19:07.971+05:30  INFO 69260 --- [13-Auth_Back_End] [main] com.zaxxer.hikari.pool.HikariPool        : HikariPool-1 - Added connection com.mysql.cj.jdbc.ConnectionImpl@4404a6b
2025-07-31T11:19:07.973+05:30  INFO 69260 --- [13-Auth_Back_End] [main] com.zaxxer.hikari.HikariDataSource       : HikariPool-1 - Start completed.
2025-07-31T11:19:08.010+05:30  WARN 69260 --- [13-Auth_Back_End] [main] org.hibernate.orm.deprecation            : HHH90000025: MySQLDialect does not need to be specified explicitly using 'hibernate.dialect' (remove the property setting and it will be selected by default)
2025-07-31T11:19:08.023+05:30  INFO 69260 --- [13-Auth_Back_End] [main] org.hibernate.orm.connections.pooling    : HHH10001005: Database info:
	Database JDBC URL [Connecting through datasource 'HikariDataSource (HikariPool-1)']
	Database driver: undefined/unknown
	Database version: 8.0.37
	Autocommit mode: undefined/unknown
	Isolation level: undefined/unknown
	Minimum pool size: undefined/unknown
	Maximum pool size: undefined/unknown
2025-07-31T11:19:08.244+05:30  INFO 69260 --- [13-Auth_Back_End] [main] o.h.e.t.j.p.i.JtaPlatformInitiator       : HHH000489: No JTA platform available (set 'hibernate.transaction.jta.platform' to enable JTA platform integration)
2025-07-31T11:19:08.248+05:30  INFO 69260 --- [13-Auth_Back_End] [main] j.LocalContainerEntityManagerFactoryBean : Initialized JPA EntityManagerFactory for persistence unit 'default'
2025-07-31T11:19:08.278+05:30  WARN 69260 --- [13-Auth_Back_End] [main] JpaBaseConfiguration$JpaWebConfiguration : spring.jpa.open-in-view is enabled by default. Therefore, database queries may be performed during view rendering. Explicitly configure spring.jpa.open-in-view to disable this warning
2025-07-31T11:19:08.530+05:30  WARN 69260 --- [13-Auth_Back_End] [main] .s.s.UserDetailsServiceAutoConfiguration : 

Using generated security password: 4d52a676-2258-40a1-992e-653ff6f40033

This generated password is for development use only. Your security configuration must be updated before running your application in production.

2025-07-31T11:19:08.535+05:30  INFO 69260 --- [13-Auth_Back_End] [main] r$InitializeUserDetailsManagerConfigurer : Global AuthenticationManager configured with UserDetailsService bean with name inMemoryUserDetailsManager
2025-07-31T11:19:08.645+05:30  INFO 69260 --- [13-Auth_Back_End] [main] o.s.b.w.embedded.tomcat.TomcatWebServer  : Tomcat started on port 8080 (http) with context path '/'
2025-07-31T11:19:08.650+05:30  INFO 69260 --- [13-Auth_Back_End] [main] com.ijse.o13auth_back_end.Application    : Started Application in 2.953 seconds (process running for 3.368)
2025-07-31T11:19:19.310+05:30  INFO 69260 --- [13-Auth_Back_End] [http-nio-8080-exec-1] o.a.c.c.C.[Tomcat].[localhost].[/]       : Initializing Spring DispatcherServlet 'dispatcherServlet'
2025-07-31T11:19:19.310+05:30  INFO 69260 --- [13-Auth_Back_End] [http-nio-8080-exec-1] o.s.web.servlet.DispatcherServlet        : Initializing Servlet 'dispatcherServlet'
2025-07-31T11:19:19.311+05:30  INFO 69260 --- [13-Auth_Back_End] [http-nio-8080-exec-1] o.s.web.servlet.DispatcherServlet        : Completed initialization in 1 ms
2025-07-31T12:43:54.134+05:30  WARN 69260 --- [13-Auth_Back_End] [HikariPool-1:housekeeper] com.zaxxer.hikari.pool.HikariPool        : HikariPool-1 - Thread starvation or clock leap detected (housekeeper delta=37m15s421ms500µs600ns).
2025-07-31T14:00:02.995+05:30  INFO 69260 --- [13-Auth_Back_End] [SpringApplicationShutdownHook] o.s.b.w.e.tomcat.GracefulShutdown        : Commencing graceful shutdown. Waiting for active requests to complete
2025-07-31T14:00:03.009+05:30  INFO 69260 --- [13-Auth_Back_End] [tomcat-shutdown] o.s.b.w.e.tomcat.GracefulShutdown        : Graceful shutdown complete
2025-07-31T14:00:03.017+05:30  INFO 69260 --- [13-Auth_Back_End] [SpringApplicationShutdownHook] j.LocalContainerEntityManagerFactoryBean : Closing JPA EntityManagerFactory for persistence unit 'default'
2025-07-31T14:00:03.019+05:30  INFO 69260 --- [13-Auth_Back_End] [SpringApplicationShutdownHook] com.zaxxer.hikari.HikariDataSource       : HikariPool-1 - Shutdown initiated...
2025-07-31T14:00:03.022+05:30  INFO 69260 --- [13-Auth_Back_End] [SpringApplicationShutdownHook] com.zaxxer.hikari.HikariDataSource       : HikariPool-1 - Shutdown completed.
